<?xml version="1.0" encoding="UTF-8"?>
<!-- Generated by org.testng.reporters.JUnitReportReporter -->
<testsuite hostname="Shweta" failures="0" tests="4" name="Second_Script.LoginPage" time="0.018" errors="0" timestamp="2024-01-06T16:19:30 IST" skipped="0">
  <testcase classname="Second_Script.LoginPage" name="Username" time="0.005"/>
  <testcase classname="Second_Script.LoginPage" name="WrongAttempts" time="0.004"/>
  <testcase classname="Second_Script.LoginPage" name="Password" time="0.004"/>
  <testcase classname="Second_Script.LoginPage" name="ResetPassword" time="0.005"/>
</testsuite> <!-- Second_Script.LoginPage -->
