<?xml version="1.0" encoding="UTF-8"?>
<!-- Generated by org.testng.reporters.JUnitReportReporter -->
<testsuite hostname="Shweta" failures="0" tests="3" name="First_Script.RagistrationPage" time="0.025" errors="0" timestamp="2024-01-06T16:19:30 IST" skipped="0">
  <testcase classname="First_Script.RagistrationPage" name="ValidName" time="0.013"/>
  <testcase classname="First_Script.RagistrationPage" name="ValidEmailId" time="0.007"/>
  <testcase classname="First_Script.RagistrationPage" name="ValidMobileNo" time="0.005"/>
</testsuite> <!-- First_Script.RagistrationPage -->
